[
  '68',   '17',   '77',   '451',  '2997', '658',  '138', '51',
  '261',  '75',   '61',   '1218', '212',  '238',  '35',  '56',
  '877',  '211',  '967',  '82',   '98',   '2',    '7',   '1',
  '48',   '137',  '643',  '25',   '489',  '62',   '699', '782',
  '45',   '29',   '67',   '957',  '584',  '5637', '3',   '9',
  '96',   '45',   '29',   '8',    '6',    '4',    '9',   '2',
  '49',   '39',   '779',  '729',  '16',   '123',  '24',  '75',
  '69',   '18',   '2199', '89',   '195',  '296',  '73',  '6',
  '274',  '1',    '93',   '44',   '17',   '37',   '897', '32',
  '6953', '48',   '2736', '62',   '6',    '7',    '97',  '63',
  '81',   '525',  '1',    '22',   '13',   '9',    '68',  '4624',
  '67',   '5547', '984',  '764',  '392',  '6',    '32',  '319',
  '8567', '7487', '8762', '52',
  ... 900 more items
]
[
  '76',   '62',   '43',   '256',  '6985', '181',  '273', '44',
  '265',  '288',  '93',   '843',  '812',  '894',  '86',  '34',
  '7882', '642',  '536',  '24',   '625',  '76',   '77',  '8',
  '42',   '314',  '921',  '5828', '656',  '44',   '813', '468',
  '22',   '43',   '28',   '113',  '43',   '5596', '3',   '148',
  '95',   '56',   '5',    '75',   '78',   '98',   '84',  '47',
  '56',   '52',   '866',  '666',  '463',  '784',  '27',  '458',
  '52',   '89',   '581',  '94',   '242',  '469',  '694', '82',
  '9923', '91',   '42',   '45',   '17',   '37',   '239', '57',
  '917',  '98',   '9544', '54',   '84',   '23',   '39',  '28',
  '298',  '561',  '22',   '24',   '91',   '84',   '634', '9813',
  '63',   '2799', '752',  '737',  '88',   '42',   '53',  '266',
  '5697', '4412', '2387', '23',
  ... 900 more items
]
[
  '48',   '746',  '3513', '3',    '7584', '381',  '779', '18',
  '674',  '1514', '26',   '78',   '57',   '749',  '254', '13',
  '3166', '217',  '299',  '932',  '435',  '97',   '453', '18',
  '14',   '888',  '693',  '6559', '13',   '6',    '763', '8927',
  '55',   '22',   '665',  '358',  '71',   '2854', '27',  '399',
  '969',  '88',   '3',    '7292', '447',  '45',   '982', '222',
  '51',   '89',   '41',   '882',  '642',  '358',  '96',  '819',
  '411',  '426',  '961',  '3',    '959',  '52',   '761', '66',
  '5134', '48',   '84',   '1',    '56',   '194',  '555', '11',
  '552',  '23',   '742',  '68',   '87',   '32',   '94',  '84',
  '864',  '467',  '991',  '15',   '3',    '57',   '547', '596',
  '4',    '9518', '842',  '734',  '77',   '299',  '24',  '395',
  '956',  '21',   '644',  '9',
  ... 900 more items
]
[
  '81',   '562',  '2271', '5',    '67',  '37',  '28',  '1',
  '1',    '3882', '36',   '2',    '1',   '175', '624', '63',
  '1545', '7',    '23',   '936',  '728', '46',  '128', '16',
  '43',   '81',   '426',  '1736', '6',   '3',   '71',  '3777',
  '827',  '4',    '711',  '21',   '13',  '423', '88',  '235',
  '744',  '14',   '9',    '1513', '628', '127', '143', '231',
  '18',   '21',   '65',   '22',   '121', '495', '3',   '182',
  '334',  '354',  '897',  '1',    '54',  '32',  '313', '94',
  '2535', '28',   '819',  '4',    '28',  '312', '6',   '6',
  '7',    '57',   '5',    '1',    '556', '47',  '6',   '48',
  '528',  '432',  '977',  '717',  '8',   '15',  '172', '49',
  '5',    '673',  '552',  '56',   '56',  '844', '64',  '898',
  '55',   '26',   '159',  '6',
  ... 900 more items
]
[
  '+', '+', '+', '*', '+', '+', '+', '*', '+', '+', '*', '+',
  '*', '*', '+', '*', '+', '*', '+', '+', '*', '*', '*', '*',
  '+', '+', '*', '+', '+', '*', '*', '+', '*', '+', '*', '*',
  '*', '+', '*', '*', '*', '*', '*', '+', '+', '+', '*', '+',
  '*', '+', '+', '*', '+', '*', '*', '*', '*', '*', '+', '+',
  '*', '*', '+', '+', '+', '+', '*', '+', '*', '*', '*', '*',
  '+', '*', '+', '+', '*', '*', '*', '+', '+', '+', '*', '*',
  '*', '+', '*', '+', '+', '+', '*', '*', '*', '*', '*', '+',
  '+', '+', '+', '*',
  ... 901 more items
]
[ '' ]
